<?xml version="1.0" encoding="UTF-8"?>
<testng-results skipped="0" failed="0" total="1" passed="1">
  <reporter-output>
  </reporter-output>
  <suite name="Default suite" duration-ms="140" started-at="2015-01-06T02:16:18Z" finished-at="2015-01-06T02:16:18Z">
    <groups>
    </groups>
    <test name="Default test" duration-ms="140" started-at="2015-01-06T02:16:18Z" finished-at="2015-01-06T02:16:18Z">
      <class name="crazy.tools.Dbtool">
        <test-method status="PASS" signature="testgetValuebyKey()[pri:0, instance:crazy.tools.Dbtool@29444c60]" name="testgetValuebyKey" duration-ms="124" started-at="2015-01-06T10:16:18Z" finished-at="2015-01-06T10:16:18Z">
          <reporter-output>
          </reporter-output>
        </test-method> <!-- testgetValuebyKey -->
      </class> <!-- crazy.tools.Dbtool -->
    </test> <!-- Default test -->
  </suite> <!-- Default suite -->
</testng-results>
